<?xml version="1.0" encoding="UTF-8"?>
<!-- Generated by org.testng.reporters.JUnitXMLReporter -->
<testsuite ignored="2" hostname="vipans-MBP" failures="0" tests="1" name="Default test" time="20.214" errors="0" timestamp="2023-05-25T23:33:19 EDT">
  <testcase classname="luma.testcases.SignOutPageTest" name="verifyHomePageTitleTest" time="6.023"/>
  <testcase classname="luma.testcases.SignOutPageTest" name="verifySignOutPageLabelTest" time="0.0">
    <ignored/>
  </testcase> <!-- verifySignOutPageLabelTest -->
  <testcase classname="luma.testcases.SignOutPageTest" name="validateSignInButton" time="0.0">
    <ignored/>
  </testcase> <!-- validateSignInButton -->
</testsuite> <!-- Default test -->
