<?xml version="1.0" encoding="UTF-8"?>
<testng-results ignored="2" total="3" passed="1" failed="0" skipped="0">
  <reporter-output>
  </reporter-output>
  <suite started-at="2023-05-25T23:32:58 EDT" name="Default suite" finished-at="2023-05-25T23:33:19 EDT" duration-ms="20214">
    <groups>
    </groups>
    <test started-at="2023-05-25T23:32:58 EDT" name="Default test" finished-at="2023-05-25T23:33:19 EDT" duration-ms="20214">
      <class name="luma.testcases.SignOutPageTest">
        <test-method is-config="true" signature="setUp()[pri:0, instance:luma.testcases.SignOutPageTest@212b5695]" started-at="2023-05-25T23:32:58 EDT" name="setUp" finished-at="2023-05-25T23:33:12 EDT" duration-ms="13483" status="PASS">
          <reporter-output>
          </reporter-output>
        </test-method> <!-- setUp -->
        <test-method signature="verifyHomePageTitleTest()[pri:2, instance:luma.testcases.SignOutPageTest@212b5695]" started-at="2023-05-25T23:33:12 EDT" name="verifyHomePageTitleTest" finished-at="2023-05-25T23:33:18 EDT" duration-ms="6023" status="PASS">
          <reporter-output>
          </reporter-output>
        </test-method> <!-- verifyHomePageTitleTest -->
        <test-method is-config="true" signature="tearDown()[pri:0, instance:luma.testcases.SignOutPageTest@212b5695]" started-at="2023-05-25T23:33:18 EDT" name="tearDown" finished-at="2023-05-25T23:33:19 EDT" duration-ms="680" status="PASS">
          <reporter-output>
          </reporter-output>
        </test-method> <!-- tearDown -->
      </class> <!-- luma.testcases.SignOutPageTest -->
    </test> <!-- Default test -->
  </suite> <!-- Default suite -->
</testng-results>
